2023-05-29 18:13:59	INFO	[SNIFFER]	sniffer/main.go:40	启动
2023-05-29 18:14:01	INFO	[SNIFFER]	runtime/panic.go:890	退出
2023-05-29 18:14:20	INFO	[SNIFFER]	sniffer/main.go:40	启动
2023-05-29 18:14:23	INFO	[SNIFFER]	sniffer/sniffer.go:125	开始侦听
2023-05-29 18:14:24	DEBUG	[SNIFFER]	sniffer/sniffer.go:169	起始块: 36050737, 结束块: 36050752
2023-06-06 11:06:56	INFO	[SNIFFER]	sniffer/main.go:40	启动
2023-06-06 11:06:58	INFO	[SNIFFER]	sniffer/sniffer.go:129	开始侦听
2023-06-06 11:06:58	INFO	[SNIFFER]	sniffer/sniffer.go:151	获取本地最新块%d,22409
2023-06-06 11:06:59	INFO	[SNIFFER]	sniffer/sniffer.go:159	获取当前安全块%d,36498501
2023-06-06 11:06:59	DEBUG	[SNIFFER]	sniffer/sniffer.go:173	起始块: 22409, 结束块: 22424
2023-06-06 11:07:00	INFO	[SNIFFER]	sniffer/sniffer.go:183	获取到交易数%d,16
2023-06-06 11:07:00	INFO	[SNIFFER]	sniffer/sniffer.go:189	22409
2023-06-06 11:07:00	INFO	[SNIFFER]	sniffer/sniffer.go:189	22410
2023-06-06 11:07:00	INFO	[SNIFFER]	sniffer/sniffer.go:189	22411
2023-06-06 11:07:00	INFO	[SNIFFER]	sniffer/sniffer.go:189	22413
2023-06-06 11:07:00	INFO	[SNIFFER]	sniffer/sniffer.go:189	22414
2023-06-06 11:07:00	INFO	[SNIFFER]	sniffer/sniffer.go:189	22415
2023-06-06 11:07:00	INFO	[SNIFFER]	sniffer/sniffer.go:189	22416
2023-06-06 11:07:00	INFO	[SNIFFER]	sniffer/sniffer.go:189	22417
2023-06-06 11:07:00	INFO	[SNIFFER]	sniffer/sniffer.go:189	22418
2023-06-06 11:07:00	INFO	[SNIFFER]	sniffer/sniffer.go:189	22419
2023-06-06 11:07:00	INFO	[SNIFFER]	sniffer/sniffer.go:189	22420
2023-06-06 11:07:00	INFO	[SNIFFER]	sniffer/sniffer.go:189	22421
2023-06-06 11:07:00	INFO	[SNIFFER]	sniffer/sniffer.go:189	22422
2023-06-06 11:07:00	INFO	[SNIFFER]	sniffer/sniffer.go:189	22423
2023-06-06 11:07:00	INFO	[SNIFFER]	sniffer/sniffer.go:189	22424
2023-06-06 11:07:00	INFO	[SNIFFER]	sniffer/sniffer.go:189	22412
2023-06-06 11:07:00	INFO	[SNIFFER]	sniffer/sniffer.go:551	[0xc0002131e0 0xc000213380 0xc000213520 0xc0002136c0 0xc000213860 0xc000213a00 0xc000213ba0 0xc000213d40 0xc000084b60 0xc000084d00 0xc000084ea0 0xc000085040 0xc0000851e0 0xc000085380 0xc000085520 0xc0000856c0]
2023-06-06 11:07:02	WARN	[SNIFFER]	sniffer/sniffer.go:558	Post "http://127.0.0.1:18071/chainFinder/api/AcceptTransactionStorage": dial tcp 127.0.0.1:18071: connectex: No connection could be made because the target machine actively refused it.
2023-06-06 11:07:09	WARN	[SNIFFER]	sniffer/sniffer.go:558	Post "http://127.0.0.1:18071/chainFinder/api/AcceptTransactionStorage": dial tcp 127.0.0.1:18071: connectex: No connection could be made because the target machine actively refused it.
2023-06-06 11:07:16	WARN	[SNIFFER]	sniffer/sniffer.go:558	Post "http://127.0.0.1:18071/chainFinder/api/AcceptTransactionStorage": dial tcp 127.0.0.1:18071: connectex: No connection could be made because the target machine actively refused it.
